{"H:\\Typescript-Node-Koa2\\src\\app.ts": {"path":"H:\\Typescript-Node-Koa2\\src\\app.ts","statementMap":{"0":{"start":{"line":1,"column":0},"end":{"line":1,"column":22}},"1":{"start":{"line":2,"column":0},"end":{"line":2,"column":31}},"2":{"start":{"line":3,"column":0},"end":{"line":3,"column":35}},"3":{"start":{"line":4,"column":0},"end":{"line":4,"column":62}},"4":{"start":{"line":5,"column":0},"end":{"line":5,"column":44}},"5":{"start":{"line":6,"column":0},"end":{"line":6,"column":49}},"6":{"start":{"line":8,"column":12},"end":{"line":8,"column":21}},"7":{"start":{"line":9,"column":11},"end":{"line":9,"column":31}},"8":{"start":{"line":11,"column":0},"end":{"line":11,"column":80}},"9":{"start":{"line":11,"column":0},"end":{"line":11,"column":39}},"10":{"start":{"line":11,"column":56},"end":{"line":11,"column":77}},"11":{"start":{"line":12,"column":0},"end":{"line":12,"column":89}},"12":{"start":{"line":12,"column":0},"end":{"line":12,"column":48}},"13":{"start":{"line":12,"column":65},"end":{"line":12,"column":86}},"14":{"start":{"line":13,"column":0},"end":{"line":13,"column":84}},"15":{"start":{"line":13,"column":0},"end":{"line":13,"column":43}},"16":{"start":{"line":13,"column":60},"end":{"line":13,"column":81}},"17":{"start":{"line":14,"column":0},"end":{"line":14,"column":80}},"18":{"start":{"line":14,"column":0},"end":{"line":14,"column":39}},"19":{"start":{"line":14,"column":56},"end":{"line":14,"column":77}},"20":{"start":{"line":15,"column":0},"end":{"line":15,"column":88}},"21":{"start":{"line":15,"column":0},"end":{"line":15,"column":47}},"22":{"start":{"line":15,"column":64},"end":{"line":15,"column":85}},"23":{"start":{"line":17,"column":0},"end":{"line":17,"column":35}},"24":{"start":{"line":18,"column":0},"end":{"line":18,"column":38}},"25":{"start":{"line":19,"column":0},"end":{"line":19,"column":null}},"26":{"start":{"line":21,"column":0},"end":{"line":21,"column":19}}},"fnMap":{"0":{"name":"(anonymous_2)","decl":{"start":{"line":11,"column":0},"end":{"line":11,"column":8}},"loc":{"start":{"line":11,"column":0},"end":{"line":11,"column":39}}},"1":{"name":"(anonymous_3)","decl":{"start":{"line":11,"column":44},"end":{"line":11,"column":50}},"loc":{"start":{"line":11,"column":53},"end":{"line":11,"column":78}}},"2":{"name":"(anonymous_4)","decl":{"start":{"line":12,"column":0},"end":{"line":12,"column":8}},"loc":{"start":{"line":12,"column":0},"end":{"line":12,"column":48}}},"3":{"name":"(anonymous_5)","decl":{"start":{"line":12,"column":53},"end":{"line":12,"column":59}},"loc":{"start":{"line":12,"column":62},"end":{"line":12,"column":87}}},"4":{"name":"(anonymous_6)","decl":{"start":{"line":13,"column":0},"end":{"line":13,"column":8}},"loc":{"start":{"line":13,"column":0},"end":{"line":13,"column":43}}},"5":{"name":"(anonymous_7)","decl":{"start":{"line":13,"column":48},"end":{"line":13,"column":54}},"loc":{"start":{"line":13,"column":57},"end":{"line":13,"column":82}}},"6":{"name":"(anonymous_8)","decl":{"start":{"line":14,"column":0},"end":{"line":14,"column":8}},"loc":{"start":{"line":14,"column":0},"end":{"line":14,"column":39}}},"7":{"name":"(anonymous_9)","decl":{"start":{"line":14,"column":44},"end":{"line":14,"column":50}},"loc":{"start":{"line":14,"column":53},"end":{"line":14,"column":78}}},"8":{"name":"(anonymous_10)","decl":{"start":{"line":15,"column":0},"end":{"line":15,"column":8}},"loc":{"start":{"line":15,"column":0},"end":{"line":15,"column":47}}},"9":{"name":"(anonymous_11)","decl":{"start":{"line":15,"column":52},"end":{"line":15,"column":58}},"loc":{"start":{"line":15,"column":61},"end":{"line":15,"column":86}}}},"branchMap":{},"s":{"0":1,"1":1,"2":1,"3":1,"4":1,"5":1,"6":1,"7":1,"8":1,"9":1,"10":1,"11":1,"12":1,"13":1,"14":1,"15":1,"16":1,"17":1,"18":1,"19":1,"20":1,"21":1,"22":1,"23":1,"24":1,"25":1,"26":1},"f":{"0":1,"1":1,"2":1,"3":1,"4":1,"5":1,"6":1,"7":1,"8":1,"9":1},"b":{}}
,"H:\\Typescript-Node-Koa2\\src\\server.ts": {"path":"H:\\Typescript-Node-Koa2\\src\\server.ts","statementMap":{"0":{"start":{"line":1,"column":0},"end":{"line":1,"column":24}},"1":{"start":{"line":2,"column":0},"end":{"line":2,"column":28}},"2":{"start":{"line":3,"column":0},"end":{"line":3,"column":39}},"3":{"start":{"line":5,"column":15},"end":{"line":10,"column":2}},"4":{"start":{"line":6,"column":4},"end":{"line":6,"column":18}},"5":{"start":{"line":7,"column":4},"end":{"line":7,"column":40}},"6":{"start":{"line":8,"column":4},"end":{"line":8,"column":65}},"7":{"start":{"line":9,"column":4},"end":{"line":9,"column":18}},"8":{"start":{"line":12,"column":0},"end":{"line":12,"column":22}}},"fnMap":{"0":{"name":"(anonymous_1)","decl":{"start":{"line":5,"column":40},"end":{"line":5,"column":43}},"loc":{"start":{"line":5,"column":45},"end":{"line":10,"column":1}}}},"branchMap":{"0":{"loc":{"start":{"line":5,"column":26},"end":{"line":5,"column":30}},"type":"binary-expr","locations":[{"start":{"line":5,"column":26},"end":{"line":5,"column":30}},{"start":{"line":5,"column":34},"end":{"line":5,"column":38}}]}},"s":{"0":1,"1":1,"2":1,"3":1,"4":1,"5":1,"6":1,"7":1,"8":1},"f":{"0":1},"b":{"0":[1,0]}}
,"H:\\Typescript-Node-Koa2\\src\\api\\category\\controllers\\category.ts": {"path":"H:\\Typescript-Node-Koa2\\src\\api\\category\\controllers\\category.ts","statementMap":{"0":{"start":{"line":2,"column":0},"end":{"line":2,"column":40}},"1":{"start":{"line":3,"column":0},"end":{"line":3,"column":54}},"2":{"start":{"line":4,"column":0},"end":{"line":4,"column":56}},"3":{"start":{"line":5,"column":0},"end":{"line":5,"column":49}},"4":{"start":{"line":8,"column":0},"end":{"line":8,"column":42}},"5":{"start":{"line":15,"column":31},"end":{"line":15,"column":54}},"6":{"start":{"line":16,"column":25},"end":{"line":16,"column":52}},"7":{"start":{"line":17,"column":21},"end":{"line":17,"column":35}},"8":{"start":{"line":19,"column":8},"end":{"line":23,"column":11}},"9":{"start":{"line":25,"column":8},"end":{"line":31,"column":null}},"10":{"start":{"line":26,"column":12},"end":{"line":30,"column":15}},"11":{"start":{"line":33,"column":8},"end":{"line":35,"column":null}},"12":{"start":{"line":42,"column":31},"end":{"line":42,"column":54}},"13":{"start":{"line":43,"column":24},"end":{"line":43,"column":40}},"14":{"start":{"line":45,"column":8},"end":{"line":59,"column":null}},"15":{"start":{"line":46,"column":29},"end":{"line":47,"column":null}},"16":{"start":{"line":50,"column":12},"end":{"line":50,"column":51}},"17":{"start":{"line":52,"column":12},"end":{"line":54,"column":null}},"18":{"start":{"line":57,"column":12},"end":{"line":57,"column":29}},"19":{"start":{"line":58,"column":12},"end":{"line":58,"column":69}},"20":{"start":{"line":14,"column":4},"end":{"line":36,"column":null}},"21":{"start":{"line":40,"column":4},"end":{"line":60,"column":null}},"22":{"start":{"line":10,"column":0},"end":{"line":10,"column":21}}},"fnMap":{"0":{"name":"(anonymous_10)","decl":{"start":{"line":14,"column":4},"end":{"line":14,"column":10}},"loc":{"start":{"line":14,"column":48},"end":{"line":36,"column":null}}},"1":{"name":"(anonymous_12)","decl":{"start":{"line":40,"column":4},"end":{"line":40,"column":10}},"loc":{"start":{"line":40,"column":48},"end":{"line":60,"column":null}}}},"branchMap":{"0":{"loc":{"start":{"line":25,"column":8},"end":{"line":31,"column":null}},"type":"if","locations":[{"start":{"line":25,"column":8},"end":{"line":31,"column":null}},{"start":{"line":25,"column":8},"end":{"line":31,"column":null}}]}},"s":{"0":1,"1":1,"2":1,"3":1,"4":1,"5":0,"6":0,"7":0,"8":0,"9":0,"10":0,"11":0,"12":0,"13":0,"14":0,"15":0,"16":0,"17":0,"18":0,"19":0,"20":1,"21":1,"22":1},"f":{"0":0,"1":0},"b":{"0":[0,0]}}
,"H:\\Typescript-Node-Koa2\\src\\api\\category\\entity\\category.ts": {"path":"H:\\Typescript-Node-Koa2\\src\\api\\category\\entity\\category.ts","statementMap":{"0":{"start":{"line":1,"column":0},"end":{"line":1,"column":86}},"1":{"start":{"line":2,"column":0},"end":{"line":2,"column":42}},"2":{"start":{"line":5,"column":0},"end":{"line":19,"column":null}},"3":{"start":{"line":8,"column":4},"end":{"line":8,"column":null}},"4":{"start":{"line":11,"column":4},"end":{"line":11,"column":null}},"5":{"start":{"line":14,"column":4},"end":{"line":14,"column":null}},"6":{"start":{"line":18,"column":4},"end":{"line":18,"column":null}},"7":{"start":{"line":16,"column":24},"end":{"line":16,"column":28}},"8":{"start":{"line":16,"column":37},"end":{"line":16,"column":52}},"9":{"start":{"line":5,"column":21},"end":{"line":19,"column":null}},"10":{"start":{"line":5,"column":21},"end":{"line":5,"column":null}}},"fnMap":{"0":{"name":"(anonymous_3)","decl":{"start":{"line":16,"column":16},"end":{"line":16,"column":20}},"loc":{"start":{"line":16,"column":24},"end":{"line":16,"column":28}}},"1":{"name":"(anonymous_4)","decl":{"start":{"line":16,"column":30},"end":{"line":16,"column":34}},"loc":{"start":{"line":16,"column":37},"end":{"line":16,"column":52}}}},"branchMap":{},"s":{"0":1,"1":1,"2":1,"3":1,"4":1,"5":1,"6":1,"7":0,"8":0,"9":1,"10":1},"f":{"0":0,"1":0},"b":{}}
,"H:\\Typescript-Node-Koa2\\src\\api\\post\\controllers\\post.ts": {"path":"H:\\Typescript-Node-Koa2\\src\\api\\post\\controllers\\post.ts","statementMap":{"0":{"start":{"line":2,"column":0},"end":{"line":2,"column":46}},"1":{"start":{"line":3,"column":0},"end":{"line":3,"column":54}},"2":{"start":{"line":4,"column":0},"end":{"line":4,"column":56}},"3":{"start":{"line":5,"column":0},"end":{"line":5,"column":49}},"4":{"start":{"line":7,"column":0},"end":{"line":7,"column":40}},"5":{"start":{"line":8,"column":0},"end":{"line":8,"column":40}},"6":{"start":{"line":9,"column":0},"end":{"line":9,"column":42}},"7":{"start":{"line":10,"column":0},"end":{"line":10,"column":54}},"8":{"start":{"line":12,"column":29},"end":{"line":24,"column":1}},"9":{"start":{"line":13,"column":26},"end":{"line":13,"column":48}},"10":{"start":{"line":15,"column":4},"end":{"line":23,"column":null}},"11":{"start":{"line":16,"column":18},"end":{"line":16,"column":29}},"12":{"start":{"line":17,"column":8},"end":{"line":21,"column":null}},"13":{"start":{"line":18,"column":36},"end":{"line":18,"column":109}},"14":{"start":{"line":19,"column":12},"end":{"line":19,"column":33}},"15":{"start":{"line":20,"column":12},"end":{"line":20,"column":37}},"16":{"start":{"line":22,"column":8},"end":{"line":22,"column":20}},"17":{"start":{"line":31,"column":31},"end":{"line":31,"column":56}},"18":{"start":{"line":32,"column":55},"end":{"line":32,"column":72}},"19":{"start":{"line":33,"column":20},"end":{"line":33,"column":29}},"20":{"start":{"line":35,"column":8},"end":{"line":35,"column":35}},"21":{"start":{"line":36,"column":8},"end":{"line":36,"column":34}},"22":{"start":{"line":38,"column":22},"end":{"line":38,"column":48}},"23":{"start":{"line":39,"column":22},"end":{"line":39,"column":42}},"24":{"start":{"line":41,"column":8},"end":{"line":119,"column":null}},"25":{"start":{"line":43,"column":28},"end":{"line":43,"column":30}},"26":{"start":{"line":45,"column":12},"end":{"line":105,"column":null}},"27":{"start":{"line":46,"column":28},"end":{"line":46,"column":45}},"28":{"start":{"line":47,"column":39},"end":{"line":47,"column":58}},"29":{"start":{"line":48,"column":29},"end":{"line":48,"column":96}},"30":{"start":{"line":50,"column":16},"end":{"line":74,"column":null}},"31":{"start":{"line":50,"column":28},"end":{"line":50,"column":29}},"32":{"start":{"line":51,"column":32},"end":{"line":71,"column":30}},"33":{"start":{"line":73,"column":20},"end":{"line":73,"column":44}},"34":{"start":{"line":76,"column":16},"end":{"line":76,"column":48}},"35":{"start":{"line":79,"column":37},"end":{"line":79,"column":83}},"36":{"start":{"line":80,"column":34},"end":{"line":80,"column":87}},"37":{"start":{"line":82,"column":16},"end":{"line":104,"column":27}},"38":{"start":{"line":107,"column":12},"end":{"line":111,"column":null}},"39":{"start":{"line":108,"column":45},"end":{"line":108,"column":46}},"40":{"start":{"line":108,"column":33},"end":{"line":108,"column":45}},"41":{"start":{"line":109,"column":16},"end":{"line":109,"column":55}},"42":{"start":{"line":110,"column":16},"end":{"line":110,"column":29}},"43":{"start":{"line":113,"column":12},"end":{"line":115,"column":null}},"44":{"start":{"line":117,"column":12},"end":{"line":117,"column":null}},"45":{"start":{"line":118,"column":12},"end":{"line":118,"column":65}},"46":{"start":{"line":124,"column":31},"end":{"line":124,"column":56}},"47":{"start":{"line":125,"column":26},"end":{"line":125,"column":43}},"48":{"start":{"line":127,"column":8},"end":{"line":138,"column":null}},"49":{"start":{"line":129,"column":25},"end":{"line":131,"column":14}},"50":{"start":{"line":133,"column":12},"end":{"line":135,"column":null}},"51":{"start":{"line":137,"column":12},"end":{"line":137,"column":65}},"52":{"start":{"line":144,"column":31},"end":{"line":144,"column":56}},"53":{"start":{"line":145,"column":31},"end":{"line":145,"column":50}},"54":{"start":{"line":146,"column":19},"end":{"line":146,"column":33}},"55":{"start":{"line":148,"column":8},"end":{"line":176,"column":null}},"56":{"start":{"line":149,"column":25},"end":{"line":149,"column":108}},"57":{"start":{"line":150,"column":41},"end":{"line":150,"column":45}},"58":{"start":{"line":150,"column":29},"end":{"line":150,"column":41}},"59":{"start":{"line":151,"column":22},"end":{"line":151,"column":59}},"60":{"start":{"line":154,"column":12},"end":{"line":156,"column":null}},"61":{"start":{"line":155,"column":16},"end":{"line":155,"column":54}},"62":{"start":{"line":159,"column":25},"end":{"line":159,"column":39}},"63":{"start":{"line":161,"column":12},"end":{"line":168,"column":null}},"64":{"start":{"line":162,"column":27},"end":{"line":162,"column":34}},"65":{"start":{"line":163,"column":29},"end":{"line":163,"column":89}},"66":{"start":{"line":165,"column":16},"end":{"line":167,"column":null}},"67":{"start":{"line":166,"column":20},"end":{"line":166,"column":49}},"68":{"start":{"line":170,"column":12},"end":{"line":173,"column":null}},"69":{"start":{"line":175,"column":12},"end":{"line":175,"column":62}},"70":{"start":{"line":181,"column":31},"end":{"line":181,"column":56}},"71":{"start":{"line":182,"column":30},"end":{"line":182,"column":52}},"72":{"start":{"line":183,"column":19},"end":{"line":183,"column":33}},"73":{"start":{"line":184,"column":36},"end":{"line":184,"column":53}},"74":{"start":{"line":186,"column":8},"end":{"line":186,"column":35}},"75":{"start":{"line":187,"column":8},"end":{"line":187,"column":34}},"76":{"start":{"line":189,"column":22},"end":{"line":189,"column":48}},"77":{"start":{"line":190,"column":22},"end":{"line":190,"column":42}},"78":{"start":{"line":192,"column":8},"end":{"line":216,"column":null}},"79":{"start":{"line":193,"column":25},"end":{"line":193,"column":59}},"80":{"start":{"line":194,"column":29},"end":{"line":199,"column":14}},"81":{"start":{"line":200,"column":35},"end":{"line":200,"column":57}},"82":{"start":{"line":202,"column":29},"end":{"line":202,"column":31}},"83":{"start":{"line":203,"column":12},"end":{"line":207,"column":null}},"84":{"start":{"line":203,"column":24},"end":{"line":203,"column":25}},"85":{"start":{"line":205,"column":30},"end":{"line":205,"column":56}},"86":{"start":{"line":206,"column":16},"end":{"line":206,"column":33}},"87":{"start":{"line":209,"column":13},"end":{"line":211,"column":null}},"88":{"start":{"line":214,"column":12},"end":{"line":214,"column":null}},"89":{"start":{"line":215,"column":12},"end":{"line":215,"column":63}},"90":{"start":{"line":222,"column":31},"end":{"line":222,"column":56}},"91":{"start":{"line":223,"column":30},"end":{"line":223,"column":52}},"92":{"start":{"line":224,"column":19},"end":{"line":224,"column":33}},"93":{"start":{"line":225,"column":23},"end":{"line":225,"column":39}},"94":{"start":{"line":227,"column":8},"end":{"line":261,"column":null}},"95":{"start":{"line":228,"column":25},"end":{"line":228,"column":59}},"96":{"start":{"line":230,"column":12},"end":{"line":233,"column":null}},"97":{"start":{"line":231,"column":16},"end":{"line":231,"column":71}},"98":{"start":{"line":232,"column":16},"end":{"line":232,"column":23}},"99":{"start":{"line":235,"column":28},"end":{"line":240,"column":null}},"100":{"start":{"line":244,"column":32},"end":{"line":244,"column":49}},"101":{"start":{"line":245,"column":12},"end":{"line":251,"column":null}},"102":{"start":{"line":246,"column":39},"end":{"line":246,"column":77}},"103":{"start":{"line":248,"column":16},"end":{"line":250,"column":null}},"104":{"start":{"line":249,"column":20},"end":{"line":249,"column":47}},"105":{"start":{"line":253,"column":25},"end":{"line":253,"column":61}},"106":{"start":{"line":255,"column":12},"end":{"line":257,"column":null}},"107":{"start":{"line":259,"column":12},"end":{"line":259,"column":null}},"108":{"start":{"line":260,"column":12},"end":{"line":260,"column":61}},"109":{"start":{"line":267,"column":31},"end":{"line":267,"column":56}},"110":{"start":{"line":268,"column":31},"end":{"line":268,"column":50}},"111":{"start":{"line":269,"column":21},"end":{"line":269,"column":35}},"112":{"start":{"line":270,"column":19},"end":{"line":270,"column":33}},"113":{"start":{"line":272,"column":8},"end":{"line":302,"column":null}},"114":{"start":{"line":273,"column":25},"end":{"line":273,"column":59}},"115":{"start":{"line":274,"column":25},"end":{"line":274,"column":100}},"116":{"start":{"line":276,"column":12},"end":{"line":279,"column":null}},"117":{"start":{"line":277,"column":16},"end":{"line":277,"column":71}},"118":{"start":{"line":278,"column":16},"end":{"line":278,"column":23}},"119":{"start":{"line":281,"column":12},"end":{"line":287,"column":null}},"120":{"start":{"line":282,"column":16},"end":{"line":282,"column":35}},"121":{"start":{"line":284,"column":16},"end":{"line":286,"column":18}},"122":{"start":{"line":289,"column":29},"end":{"line":291,"column":null}},"123":{"start":{"line":294,"column":25},"end":{"line":294,"column":63}},"124":{"start":{"line":296,"column":12},"end":{"line":298,"column":null}},"125":{"start":{"line":300,"column":12},"end":{"line":300,"column":29}},"126":{"start":{"line":301,"column":12},"end":{"line":301,"column":67}},"127":{"start":{"line":309,"column":31},"end":{"line":309,"column":56}},"128":{"start":{"line":310,"column":21},"end":{"line":310,"column":35}},"129":{"start":{"line":311,"column":19},"end":{"line":311,"column":33}},"130":{"start":{"line":313,"column":8},"end":{"line":342,"column":null}},"131":{"start":{"line":314,"column":25},"end":{"line":314,"column":88}},"132":{"start":{"line":316,"column":12},"end":{"line":319,"column":null}},"133":{"start":{"line":317,"column":16},"end":{"line":317,"column":71}},"134":{"start":{"line":318,"column":16},"end":{"line":318,"column":23}},"135":{"start":{"line":321,"column":12},"end":{"line":327,"column":null}},"136":{"start":{"line":322,"column":16},"end":{"line":322,"column":40}},"137":{"start":{"line":324,"column":16},"end":{"line":326,"column":18}},"138":{"start":{"line":329,"column":29},"end":{"line":331,"column":null}},"139":{"start":{"line":334,"column":25},"end":{"line":334,"column":63}},"140":{"start":{"line":336,"column":12},"end":{"line":339,"column":null}},"141":{"start":{"line":341,"column":12},"end":{"line":341,"column":61}},"142":{"start":{"line":348,"column":31},"end":{"line":348,"column":56}},"143":{"start":{"line":349,"column":31},"end":{"line":349,"column":54}},"144":{"start":{"line":350,"column":23},"end":{"line":350,"column":39}},"145":{"start":{"line":352,"column":39},"end":{"line":352,"column":45}},"146":{"start":{"line":352,"column":27},"end":{"line":352,"column":39}},"147":{"start":{"line":354,"column":8},"end":{"line":361,"column":null}},"148":{"start":{"line":355,"column":12},"end":{"line":355,"column":34}},"149":{"start":{"line":357,"column":12},"end":{"line":360,"column":null}},"150":{"start":{"line":357,"column":24},"end":{"line":357,"column":25}},"151":{"start":{"line":358,"column":26},"end":{"line":358,"column":65}},"152":{"start":{"line":359,"column":16},"end":{"line":359,"column":41}},"153":{"start":{"line":363,"column":25},"end":{"line":367,"column":null}},"154":{"start":{"line":370,"column":8},"end":{"line":380,"column":null}},"155":{"start":{"line":371,"column":25},"end":{"line":371,"column":63}},"156":{"start":{"line":373,"column":12},"end":{"line":376,"column":null}},"157":{"start":{"line":378,"column":12},"end":{"line":378,"column":29}},"158":{"start":{"line":379,"column":12},"end":{"line":379,"column":69}},"159":{"start":{"line":386,"column":31},"end":{"line":386,"column":56}},"160":{"start":{"line":387,"column":31},"end":{"line":387,"column":54}},"161":{"start":{"line":388,"column":23},"end":{"line":388,"column":39}},"162":{"start":{"line":389,"column":19},"end":{"line":389,"column":33}},"163":{"start":{"line":391,"column":8},"end":{"line":425,"column":null}},"164":{"start":{"line":392,"column":25},"end":{"line":392,"column":88}},"165":{"start":{"line":394,"column":12},"end":{"line":397,"column":null}},"166":{"start":{"line":395,"column":16},"end":{"line":395,"column":73}},"167":{"start":{"line":396,"column":16},"end":{"line":396,"column":23}},"168":{"start":{"line":400,"column":43},"end":{"line":400,"column":49}},"169":{"start":{"line":400,"column":31},"end":{"line":400,"column":43}},"170":{"start":{"line":402,"column":12},"end":{"line":409,"column":null}},"171":{"start":{"line":403,"column":16},"end":{"line":403,"column":38}},"172":{"start":{"line":405,"column":16},"end":{"line":408,"column":null}},"173":{"start":{"line":405,"column":28},"end":{"line":405,"column":29}},"174":{"start":{"line":406,"column":30},"end":{"line":406,"column":69}},"175":{"start":{"line":407,"column":20},"end":{"line":407,"column":45}},"176":{"start":{"line":411,"column":29},"end":{"line":413,"column":null}},"177":{"start":{"line":416,"column":12},"end":{"line":416,"column":51}},"178":{"start":{"line":418,"column":12},"end":{"line":420,"column":null}},"179":{"start":{"line":423,"column":12},"end":{"line":423,"column":29}},"180":{"start":{"line":424,"column":12},"end":{"line":424,"column":69}},"181":{"start":{"line":30,"column":4},"end":{"line":120,"column":null}},"182":{"start":{"line":123,"column":4},"end":{"line":139,"column":null}},"183":{"start":{"line":143,"column":4},"end":{"line":177,"column":null}},"184":{"start":{"line":180,"column":4},"end":{"line":217,"column":null}},"185":{"start":{"line":221,"column":4},"end":{"line":262,"column":null}},"186":{"start":{"line":266,"column":4},"end":{"line":304,"column":null}},"187":{"start":{"line":308,"column":4},"end":{"line":343,"column":null}},"188":{"start":{"line":347,"column":4},"end":{"line":381,"column":null}},"189":{"start":{"line":385,"column":4},"end":{"line":426,"column":null}},"190":{"start":{"line":26,"column":0},"end":{"line":26,"column":21}}},"fnMap":{"0":{"name":"(anonymous_11)","decl":{"start":{"line":12,"column":29},"end":{"line":12,"column":null}},"loc":{"start":{"line":12,"column":29},"end":{"line":24,"column":1}}},"1":{"name":"_loop","decl":{"start":{"line":15,"column":26},"end":{"line":15,"column":31}},"loc":{"start":{"line":15,"column":40},"end":{"line":23,"column":null}}},"2":{"name":"(anonymous_14)","decl":{"start":{"line":30,"column":4},"end":{"line":30,"column":10}},"loc":{"start":{"line":30,"column":42},"end":{"line":120,"column":null}}},"3":{"name":"(anonymous_16)","decl":{"start":{"line":107,"column":29},"end":{"line":107,"column":30}},"loc":{"start":{"line":107,"column":39},"end":{"line":111,"column":13}}},"4":{"name":"(anonymous_17)","decl":{"start":{"line":123,"column":4},"end":{"line":123,"column":10}},"loc":{"start":{"line":123,"column":51},"end":{"line":139,"column":null}}},"5":{"name":"(anonymous_19)","decl":{"start":{"line":143,"column":4},"end":{"line":143,"column":10}},"loc":{"start":{"line":143,"column":46},"end":{"line":177,"column":null}}},"6":{"name":"(anonymous_21)","decl":{"start":{"line":165,"column":52},"end":{"line":165,"column":53}},"loc":{"start":{"line":165,"column":56},"end":{"line":167,"column":17}}},"7":{"name":"(anonymous_22)","decl":{"start":{"line":180,"column":4},"end":{"line":180,"column":10}},"loc":{"start":{"line":180,"column":44},"end":{"line":217,"column":null}}},"8":{"name":"(anonymous_24)","decl":{"start":{"line":221,"column":4},"end":{"line":221,"column":10}},"loc":{"start":{"line":221,"column":45},"end":{"line":262,"column":null}}},"9":{"name":"(anonymous_26)","decl":{"start":{"line":266,"column":4},"end":{"line":266,"column":10}},"loc":{"start":{"line":266,"column":42},"end":{"line":304,"column":null}}},"10":{"name":"(anonymous_28)","decl":{"start":{"line":281,"column":35},"end":{"line":281,"column":36}},"loc":{"start":{"line":281,"column":39},"end":{"line":283,"column":13}}},"11":{"name":"(anonymous_29)","decl":{"start":{"line":308,"column":4},"end":{"line":308,"column":10}},"loc":{"start":{"line":308,"column":42},"end":{"line":343,"column":null}}},"12":{"name":"(anonymous_31)","decl":{"start":{"line":321,"column":36},"end":{"line":321,"column":37}},"loc":{"start":{"line":321,"column":40},"end":{"line":323,"column":13}}},"13":{"name":"(anonymous_32)","decl":{"start":{"line":347,"column":4},"end":{"line":347,"column":10}},"loc":{"start":{"line":347,"column":44},"end":{"line":381,"column":null}}},"14":{"name":"(anonymous_34)","decl":{"start":{"line":385,"column":4},"end":{"line":385,"column":10}},"loc":{"start":{"line":385,"column":44},"end":{"line":426,"column":null}}}},"branchMap":{"0":{"loc":{"start":{"line":17,"column":8},"end":{"line":21,"column":null}},"type":"if","locations":[{"start":{"line":17,"column":8},"end":{"line":21,"column":null}},{"start":{"line":17,"column":8},"end":{"line":21,"column":null}}]},"1":{"loc":{"start":{"line":35,"column":20},"end":{"line":35,"column":29}},"type":"binary-expr","locations":[{"start":{"line":35,"column":20},"end":{"line":35,"column":29}},{"start":{"line":35,"column":33},"end":{"line":35,"column":34}}]},"2":{"loc":{"start":{"line":36,"column":19},"end":{"line":36,"column":27}},"type":"binary-expr","locations":[{"start":{"line":36,"column":19},"end":{"line":36,"column":27}},{"start":{"line":36,"column":31},"end":{"line":36,"column":33}}]},"3":{"loc":{"start":{"line":45,"column":12},"end":{"line":105,"column":null}},"type":"if","locations":[{"start":{"line":45,"column":12},"end":{"line":105,"column":null}},{"start":{"line":45,"column":12},"end":{"line":105,"column":null}}]},"4":{"loc":{"start":{"line":45,"column":15},"end":{"line":45,"column":24}},"type":"binary-expr","locations":[{"start":{"line":45,"column":15},"end":{"line":45,"column":24}},{"start":{"line":45,"column":28},"end":{"line":45,"column":42}}]},"5":{"loc":{"start":{"line":79,"column":59},"end":{"line":79,"column":78}},"type":"cond-expr","locations":[{"start":{"line":79,"column":59},"end":{"line":79,"column":78}},{"start":{"line":79,"column":81},"end":{"line":79,"column":83}}]},"6":{"loc":{"start":{"line":79,"column":37},"end":{"line":79,"column":40}},"type":"binary-expr","locations":[{"start":{"line":79,"column":37},"end":{"line":79,"column":40}},{"start":{"line":79,"column":44},"end":{"line":79,"column":55}}]},"7":{"loc":{"start":{"line":80,"column":55},"end":{"line":80,"column":82}},"type":"cond-expr","locations":[{"start":{"line":80,"column":55},"end":{"line":80,"column":82}},{"start":{"line":80,"column":85},"end":{"line":80,"column":87}}]},"8":{"loc":{"start":{"line":80,"column":34},"end":{"line":80,"column":37}},"type":"binary-expr","locations":[{"start":{"line":80,"column":34},"end":{"line":80,"column":37}},{"start":{"line":80,"column":41},"end":{"line":80,"column":52}}]},"9":{"loc":{"start":{"line":154,"column":12},"end":{"line":156,"column":null}},"type":"if","locations":[{"start":{"line":154,"column":12},"end":{"line":156,"column":null}},{"start":{"line":154,"column":12},"end":{"line":156,"column":null}}]},"10":{"loc":{"start":{"line":161,"column":12},"end":{"line":168,"column":null}},"type":"if","locations":[{"start":{"line":161,"column":12},"end":{"line":168,"column":null}},{"start":{"line":161,"column":12},"end":{"line":168,"column":null}}]},"11":{"loc":{"start":{"line":171,"column":33},"end":{"line":171,"column":40}},"type":"cond-expr","locations":[{"start":{"line":171,"column":33},"end":{"line":171,"column":40}},{"start":{"line":171,"column":43},"end":{"line":171,"column":45}}]},"12":{"loc":{"start":{"line":186,"column":20},"end":{"line":186,"column":29}},"type":"binary-expr","locations":[{"start":{"line":186,"column":20},"end":{"line":186,"column":29}},{"start":{"line":186,"column":33},"end":{"line":186,"column":34}}]},"13":{"loc":{"start":{"line":187,"column":19},"end":{"line":187,"column":27}},"type":"binary-expr","locations":[{"start":{"line":187,"column":19},"end":{"line":187,"column":27}},{"start":{"line":187,"column":31},"end":{"line":187,"column":33}}]},"14":{"loc":{"start":{"line":230,"column":12},"end":{"line":233,"column":null}},"type":"if","locations":[{"start":{"line":230,"column":12},"end":{"line":233,"column":null}},{"start":{"line":230,"column":12},"end":{"line":233,"column":null}}]},"15":{"loc":{"start":{"line":245,"column":12},"end":{"line":251,"column":null}},"type":"if","locations":[{"start":{"line":245,"column":12},"end":{"line":251,"column":null}},{"start":{"line":245,"column":12},"end":{"line":251,"column":null}}]},"16":{"loc":{"start":{"line":248,"column":16},"end":{"line":250,"column":null}},"type":"if","locations":[{"start":{"line":248,"column":16},"end":{"line":250,"column":null}},{"start":{"line":248,"column":16},"end":{"line":250,"column":null}}]},"17":{"loc":{"start":{"line":276,"column":12},"end":{"line":279,"column":null}},"type":"if","locations":[{"start":{"line":276,"column":12},"end":{"line":279,"column":null}},{"start":{"line":276,"column":12},"end":{"line":279,"column":null}}]},"18":{"loc":{"start":{"line":281,"column":12},"end":{"line":287,"column":null}},"type":"if","locations":[{"start":{"line":281,"column":12},"end":{"line":287,"column":null}},{"start":{"line":281,"column":12},"end":{"line":287,"column":null}}]},"19":{"loc":{"start":{"line":316,"column":12},"end":{"line":319,"column":null}},"type":"if","locations":[{"start":{"line":316,"column":12},"end":{"line":319,"column":null}},{"start":{"line":316,"column":12},"end":{"line":319,"column":null}}]},"20":{"loc":{"start":{"line":321,"column":12},"end":{"line":327,"column":null}},"type":"if","locations":[{"start":{"line":321,"column":12},"end":{"line":327,"column":null}},{"start":{"line":321,"column":12},"end":{"line":327,"column":null}}]},"21":{"loc":{"start":{"line":354,"column":8},"end":{"line":361,"column":null}},"type":"if","locations":[{"start":{"line":354,"column":8},"end":{"line":361,"column":null}},{"start":{"line":354,"column":8},"end":{"line":361,"column":null}}]},"22":{"loc":{"start":{"line":354,"column":11},"end":{"line":354,"column":21}},"type":"binary-expr","locations":[{"start":{"line":354,"column":11},"end":{"line":354,"column":21}},{"start":{"line":354,"column":25},"end":{"line":354,"column":50}}]},"23":{"loc":{"start":{"line":394,"column":12},"end":{"line":397,"column":null}},"type":"if","locations":[{"start":{"line":394,"column":12},"end":{"line":397,"column":null}},{"start":{"line":394,"column":12},"end":{"line":397,"column":null}}]},"24":{"loc":{"start":{"line":402,"column":12},"end":{"line":409,"column":null}},"type":"if","locations":[{"start":{"line":402,"column":12},"end":{"line":409,"column":null}},{"start":{"line":402,"column":12},"end":{"line":409,"column":null}}]},"25":{"loc":{"start":{"line":402,"column":15},"end":{"line":402,"column":25}},"type":"binary-expr","locations":[{"start":{"line":402,"column":15},"end":{"line":402,"column":25}},{"start":{"line":402,"column":29},"end":{"line":402,"column":54}}]}},"s":{"0":1,"1":1,"2":1,"3":1,"4":1,"5":1,"6":1,"7":1,"8":1,"9":0,"10":0,"11":0,"12":0,"13":0,"14":0,"15":0,"16":0,"17":0,"18":0,"19":0,"20":0,"21":0,"22":0,"23":0,"24":0,"25":0,"26":0,"27":0,"28":0,"29":0,"30":0,"31":0,"32":0,"33":0,"34":0,"35":0,"36":0,"37":0,"38":0,"39":0,"40":0,"41":0,"42":0,"43":0,"44":0,"45":0,"46":0,"47":0,"48":0,"49":0,"50":0,"51":0,"52":0,"53":0,"54":0,"55":0,"56":0,"57":0,"58":0,"59":0,"60":0,"61":0,"62":0,"63":0,"64":0,"65":0,"66":0,"67":0,"68":0,"69":0,"70":0,"71":0,"72":0,"73":0,"74":0,"75":0,"76":0,"77":0,"78":0,"79":0,"80":0,"81":0,"82":0,"83":0,"84":0,"85":0,"86":0,"87":0,"88":0,"89":0,"90":0,"91":0,"92":0,"93":0,"94":0,"95":0,"96":0,"97":0,"98":0,"99":0,"100":0,"101":0,"102":0,"103":0,"104":0,"105":0,"106":0,"107":0,"108":0,"109":0,"110":0,"111":0,"112":0,"113":0,"114":0,"115":0,"116":0,"117":0,"118":0,"119":0,"120":0,"121":0,"122":0,"123":0,"124":0,"125":0,"126":0,"127":0,"128":0,"129":0,"130":0,"131":0,"132":0,"133":0,"134":0,"135":0,"136":0,"137":0,"138":0,"139":0,"140":0,"141":0,"142":0,"143":0,"144":0,"145":0,"146":0,"147":0,"148":0,"149":0,"150":0,"151":0,"152":0,"153":0,"154":0,"155":0,"156":0,"157":0,"158":0,"159":0,"160":0,"161":0,"162":0,"163":0,"164":0,"165":0,"166":0,"167":0,"168":0,"169":0,"170":0,"171":0,"172":0,"173":0,"174":0,"175":0,"176":0,"177":0,"178":0,"179":0,"180":0,"181":1,"182":1,"183":1,"184":1,"185":1,"186":1,"187":1,"188":1,"189":1,"190":1},"f":{"0":0,"1":0,"2":0,"3":0,"4":0,"5":0,"6":0,"7":0,"8":0,"9":0,"10":0,"11":0,"12":0,"13":0,"14":0},"b":{"0":[0,0],"1":[0,0],"2":[0,0],"3":[0,0],"4":[0,0],"5":[0,0],"6":[0,0],"7":[0,0],"8":[0,0],"9":[0,0],"10":[0,0],"11":[0,0],"12":[0,0],"13":[0,0],"14":[0,0],"15":[0,0],"16":[0,0],"17":[0,0],"18":[0,0],"19":[0,0],"20":[0,0],"21":[0,0],"22":[0,0],"23":[0,0],"24":[0,0],"25":[0,0]}}
,"H:\\Typescript-Node-Koa2\\src\\api\\post\\entity\\comment.ts": {"path":"H:\\Typescript-Node-Koa2\\src\\api\\post\\entity\\comment.ts","statementMap":{"0":{"start":{"line":1,"column":0},"end":{"line":1,"column":96}},"1":{"start":{"line":2,"column":0},"end":{"line":2,"column":42}},"2":{"start":{"line":3,"column":0},"end":{"line":3,"column":26}},"3":{"start":{"line":6,"column":32},"end":{"line":23,"column":null}},"4":{"start":{"line":9,"column":4},"end":{"line":9,"column":null}},"5":{"start":{"line":12,"column":4},"end":{"line":12,"column":null}},"6":{"start":{"line":16,"column":4},"end":{"line":16,"column":null}},"7":{"start":{"line":14,"column":22},"end":{"line":14,"column":33}},"8":{"start":{"line":19,"column":4},"end":{"line":19,"column":null}},"9":{"start":{"line":18,"column":23},"end":{"line":18,"column":27}},"10":{"start":{"line":18,"column":37},"end":{"line":18,"column":55}},"11":{"start":{"line":22,"column":4},"end":{"line":22,"column":null}},"12":{"start":{"line":21,"column":23},"end":{"line":21,"column":27}},"13":{"start":{"line":21,"column":37},"end":{"line":21,"column":50}},"14":{"start":{"line":6,"column":21},"end":{"line":23,"column":null}},"15":{"start":{"line":6,"column":21},"end":{"line":6,"column":null}}},"fnMap":{"0":{"name":"(anonymous_3)","decl":{"start":{"line":14,"column":14},"end":{"line":14,"column":18}},"loc":{"start":{"line":14,"column":22},"end":{"line":14,"column":33}}},"1":{"name":"(anonymous_4)","decl":{"start":{"line":18,"column":15},"end":{"line":18,"column":19}},"loc":{"start":{"line":18,"column":23},"end":{"line":18,"column":27}}},"2":{"name":"(anonymous_5)","decl":{"start":{"line":18,"column":29},"end":{"line":18,"column":33}},"loc":{"start":{"line":18,"column":37},"end":{"line":18,"column":55}}},"3":{"name":"(anonymous_6)","decl":{"start":{"line":21,"column":15},"end":{"line":21,"column":19}},"loc":{"start":{"line":21,"column":23},"end":{"line":21,"column":27}}},"4":{"name":"(anonymous_7)","decl":{"start":{"line":21,"column":29},"end":{"line":21,"column":33}},"loc":{"start":{"line":21,"column":37},"end":{"line":21,"column":50}}}},"branchMap":{},"s":{"0":1,"1":1,"2":1,"3":1,"4":1,"5":1,"6":1,"7":0,"8":1,"9":0,"10":0,"11":1,"12":0,"13":0,"14":1,"15":1},"f":{"0":0,"1":0,"2":0,"3":0,"4":0},"b":{}}
,"H:\\Typescript-Node-Koa2\\src\\api\\post\\entity\\post.ts": {"path":"H:\\Typescript-Node-Koa2\\src\\api\\post\\entity\\post.ts","statementMap":{"0":{"start":{"line":1,"column":0},"end":{"line":1,"column":108}},"1":{"start":{"line":2,"column":0},"end":{"line":2,"column":42}},"2":{"start":{"line":3,"column":0},"end":{"line":3,"column":54}},"3":{"start":{"line":4,"column":0},"end":{"line":4,"column":48}},"4":{"start":{"line":5,"column":0},"end":{"line":5,"column":32}},"5":{"start":{"line":8,"column":0},"end":{"line":39,"column":null}},"6":{"start":{"line":11,"column":4},"end":{"line":11,"column":null}},"7":{"start":{"line":14,"column":4},"end":{"line":14,"column":null}},"8":{"start":{"line":17,"column":4},"end":{"line":17,"column":null}},"9":{"start":{"line":20,"column":4},"end":{"line":20,"column":null}},"10":{"start":{"line":24,"column":4},"end":{"line":24,"column":null}},"11":{"start":{"line":22,"column":24},"end":{"line":22,"column":30}},"12":{"start":{"line":27,"column":4},"end":{"line":27,"column":null}},"13":{"start":{"line":26,"column":23},"end":{"line":26,"column":27}},"14":{"start":{"line":26,"column":37},"end":{"line":26,"column":47}},"15":{"start":{"line":30,"column":4},"end":{"line":30,"column":null}},"16":{"start":{"line":29,"column":23},"end":{"line":29,"column":30}},"17":{"start":{"line":29,"column":43},"end":{"line":29,"column":55}},"18":{"start":{"line":34,"column":4},"end":{"line":34,"column":null}},"19":{"start":{"line":32,"column":24},"end":{"line":32,"column":28}},"20":{"start":{"line":32,"column":38},"end":{"line":32,"column":53}},"21":{"start":{"line":38,"column":4},"end":{"line":38,"column":null}},"22":{"start":{"line":36,"column":24},"end":{"line":36,"column":32}},"23":{"start":{"line":36,"column":46},"end":{"line":36,"column":60}},"24":{"start":{"line":8,"column":21},"end":{"line":39,"column":null}},"25":{"start":{"line":8,"column":21},"end":{"line":8,"column":null}}},"fnMap":{"0":{"name":"(anonymous_3)","decl":{"start":{"line":22,"column":16},"end":{"line":22,"column":20}},"loc":{"start":{"line":22,"column":24},"end":{"line":22,"column":30}}},"1":{"name":"(anonymous_4)","decl":{"start":{"line":26,"column":15},"end":{"line":26,"column":19}},"loc":{"start":{"line":26,"column":23},"end":{"line":26,"column":27}}},"2":{"name":"(anonymous_5)","decl":{"start":{"line":26,"column":29},"end":{"line":26,"column":33}},"loc":{"start":{"line":26,"column":37},"end":{"line":26,"column":47}}},"3":{"name":"(anonymous_6)","decl":{"start":{"line":29,"column":15},"end":{"line":29,"column":19}},"loc":{"start":{"line":29,"column":23},"end":{"line":29,"column":30}}},"4":{"name":"(anonymous_7)","decl":{"start":{"line":29,"column":32},"end":{"line":29,"column":39}},"loc":{"start":{"line":29,"column":43},"end":{"line":29,"column":55}}},"5":{"name":"(anonymous_8)","decl":{"start":{"line":32,"column":16},"end":{"line":32,"column":20}},"loc":{"start":{"line":32,"column":24},"end":{"line":32,"column":28}}},"6":{"name":"(anonymous_9)","decl":{"start":{"line":32,"column":30},"end":{"line":32,"column":34}},"loc":{"start":{"line":32,"column":38},"end":{"line":32,"column":53}}},"7":{"name":"(anonymous_10)","decl":{"start":{"line":36,"column":16},"end":{"line":36,"column":20}},"loc":{"start":{"line":36,"column":24},"end":{"line":36,"column":32}}},"8":{"name":"(anonymous_11)","decl":{"start":{"line":36,"column":34},"end":{"line":36,"column":42}},"loc":{"start":{"line":36,"column":46},"end":{"line":36,"column":60}}}},"branchMap":{},"s":{"0":1,"1":1,"2":1,"3":1,"4":1,"5":1,"6":1,"7":1,"8":1,"9":1,"10":1,"11":0,"12":1,"13":0,"14":0,"15":1,"16":0,"17":0,"18":1,"19":0,"20":0,"21":1,"22":0,"23":0,"24":1,"25":1},"f":{"0":0,"1":0,"2":0,"3":0,"4":0,"5":0,"6":0,"7":0,"8":0},"b":{}}
,"H:\\Typescript-Node-Koa2\\src\\api\\upload\\controllers\\upload.ts": {"path":"H:\\Typescript-Node-Koa2\\src\\api\\upload\\controllers\\upload.ts","statementMap":{"0":{"start":{"line":1,"column":0},"end":{"line":1,"column":24}},"1":{"start":{"line":2,"column":0},"end":{"line":2,"column":20}},"2":{"start":{"line":3,"column":0},"end":{"line":3,"column":27}},"3":{"start":{"line":6,"column":0},"end":{"line":6,"column":38}},"4":{"start":{"line":7,"column":0},"end":{"line":7,"column":38}},"5":{"start":{"line":8,"column":0},"end":{"line":8,"column":51}},"6":{"start":{"line":9,"column":0},"end":{"line":9,"column":54}},"7":{"start":{"line":10,"column":0},"end":{"line":10,"column":49}},"8":{"start":{"line":11,"column":0},"end":{"line":11,"column":56}},"9":{"start":{"line":18,"column":33},"end":{"line":18,"column":54}},"10":{"start":{"line":20,"column":8},"end":{"line":55,"column":null}},"11":{"start":{"line":21,"column":25},"end":{"line":21,"column":47}},"12":{"start":{"line":22,"column":29},"end":{"line":22,"column":59}},"13":{"start":{"line":23,"column":27},"end":{"line":23,"column":29}},"14":{"start":{"line":25,"column":12},"end":{"line":33,"column":null}},"15":{"start":{"line":26,"column":16},"end":{"line":26,"column":76}},"16":{"start":{"line":27,"column":16},"end":{"line":27,"column":73}},"17":{"start":{"line":28,"column":18},"end":{"line":33,"column":null}},"18":{"start":{"line":29,"column":16},"end":{"line":29,"column":76}},"19":{"start":{"line":30,"column":16},"end":{"line":30,"column":75}},"20":{"start":{"line":32,"column":16},"end":{"line":32,"column":75}},"21":{"start":{"line":35,"column":27},"end":{"line":35,"column":57}},"22":{"start":{"line":36,"column":27},"end":{"line":39,"column":14}},"23":{"start":{"line":40,"column":12},"end":{"line":40,"column":32}},"24":{"start":{"line":42,"column":32},"end":{"line":45,"column":null}},"25":{"start":{"line":46,"column":25},"end":{"line":46,"column":65}},"26":{"start":{"line":48,"column":12},"end":{"line":51,"column":null}},"27":{"start":{"line":53,"column":12},"end":{"line":53,"column":null}},"28":{"start":{"line":54,"column":12},"end":{"line":54,"column":63}},"29":{"start":{"line":17,"column":4},"end":{"line":56,"column":null}},"30":{"start":{"line":13,"column":0},"end":{"line":13,"column":21}}},"fnMap":{"0":{"name":"(anonymous_10)","decl":{"start":{"line":17,"column":4},"end":{"line":17,"column":10}},"loc":{"start":{"line":17,"column":55},"end":{"line":56,"column":null}}}},"branchMap":{"0":{"loc":{"start":{"line":22,"column":29},"end":{"line":22,"column":53}},"type":"binary-expr","locations":[{"start":{"line":22,"column":29},"end":{"line":22,"column":53}},{"start":{"line":22,"column":57},"end":{"line":22,"column":59}}]},"1":{"loc":{"start":{"line":25,"column":12},"end":{"line":33,"column":null}},"type":"if","locations":[{"start":{"line":25,"column":12},"end":{"line":33,"column":null}},{"start":{"line":25,"column":12},"end":{"line":33,"column":null}}]},"2":{"loc":{"start":{"line":28,"column":18},"end":{"line":33,"column":null}},"type":"if","locations":[{"start":{"line":28,"column":18},"end":{"line":33,"column":null}},{"start":{"line":28,"column":18},"end":{"line":33,"column":null}}]}},"s":{"0":1,"1":1,"2":1,"3":1,"4":1,"5":1,"6":1,"7":1,"8":1,"9":0,"10":0,"11":0,"12":0,"13":0,"14":0,"15":0,"16":0,"17":0,"18":0,"19":0,"20":0,"21":0,"22":0,"23":0,"24":0,"25":0,"26":0,"27":0,"28":0,"29":1,"30":1},"f":{"0":0},"b":{"0":[0,0],"1":[0,0],"2":[0,0]}}
,"H:\\Typescript-Node-Koa2\\src\\api\\upload\\entity\\upload.ts": {"path":"H:\\Typescript-Node-Koa2\\src\\api\\upload\\entity\\upload.ts","statementMap":{"0":{"start":{"line":1,"column":0},"end":{"line":1,"column":63}},"1":{"start":{"line":4,"column":0},"end":{"line":14,"column":null}},"2":{"start":{"line":7,"column":4},"end":{"line":7,"column":null}},"3":{"start":{"line":10,"column":4},"end":{"line":10,"column":null}},"4":{"start":{"line":13,"column":4},"end":{"line":13,"column":null}},"5":{"start":{"line":4,"column":21},"end":{"line":14,"column":null}},"6":{"start":{"line":4,"column":21},"end":{"line":4,"column":null}}},"fnMap":{},"branchMap":{},"s":{"0":1,"1":1,"2":1,"3":1,"4":1,"5":1,"6":1},"f":{},"b":{}}
,"H:\\Typescript-Node-Koa2\\src\\api\\user\\controllers\\authorization.ts": {"path":"H:\\Typescript-Node-Koa2\\src\\api\\user\\controllers\\authorization.ts","statementMap":{"0":{"start":{"line":2,"column":0},"end":{"line":2,"column":40}},"1":{"start":{"line":3,"column":0},"end":{"line":3,"column":36}},"2":{"start":{"line":4,"column":0},"end":{"line":4,"column":54}},"3":{"start":{"line":5,"column":0},"end":{"line":5,"column":56}},"4":{"start":{"line":6,"column":0},"end":{"line":6,"column":49}},"5":{"start":{"line":7,"column":0},"end":{"line":7,"column":34}},"6":{"start":{"line":8,"column":0},"end":{"line":8,"column":54}},"7":{"start":{"line":14,"column":31},"end":{"line":14,"column":50}},"8":{"start":{"line":15,"column":37},"end":{"line":15,"column":53}},"9":{"start":{"line":16,"column":26},"end":{"line":16,"column":66}},"10":{"start":{"line":18,"column":8},"end":{"line":30,"column":null}},"11":{"start":{"line":19,"column":43},"end":{"line":19,"column":47}},"12":{"start":{"line":19,"column":29},"end":{"line":19,"column":43}},"13":{"start":{"line":21,"column":12},"end":{"line":27,"column":14}},"14":{"start":{"line":29,"column":11},"end":{"line":29,"column":61}},"15":{"start":{"line":35,"column":31},"end":{"line":35,"column":50}},"16":{"start":{"line":36,"column":23},"end":{"line":36,"column":39}},"17":{"start":{"line":39,"column":34},"end":{"line":39,"column":44}},"18":{"start":{"line":40,"column":25},"end":{"line":42,"column":null}},"19":{"start":{"line":44,"column":25},"end":{"line":44,"column":45}},"20":{"start":{"line":46,"column":8},"end":{"line":61,"column":null}},"21":{"start":{"line":47,"column":28},"end":{"line":47,"column":70}},"22":{"start":{"line":49,"column":12},"end":{"line":58,"column":null}},"23":{"start":{"line":50,"column":29},"end":{"line":50,"column":67}},"24":{"start":{"line":51,"column":16},"end":{"line":51,"column":37}},"25":{"start":{"line":52,"column":16},"end":{"line":55,"column":18}},"26":{"start":{"line":57,"column":16},"end":{"line":57,"column":68}},"27":{"start":{"line":60,"column":12},"end":{"line":60,"column":67}},"28":{"start":{"line":67,"column":8},"end":{"line":67,"column":null}},"29":{"start":{"line":13,"column":4},"end":{"line":31,"column":null}},"30":{"start":{"line":34,"column":4},"end":{"line":62,"column":null}},"31":{"start":{"line":66,"column":4},"end":{"line":68,"column":null}},"32":{"start":{"line":10,"column":0},"end":{"line":10,"column":21}}},"fnMap":{"0":{"name":"(anonymous_11)","decl":{"start":{"line":13,"column":4},"end":{"line":13,"column":10}},"loc":{"start":{"line":13,"column":39},"end":{"line":31,"column":null}}},"1":{"name":"(anonymous_13)","decl":{"start":{"line":34,"column":4},"end":{"line":34,"column":10}},"loc":{"start":{"line":34,"column":42},"end":{"line":62,"column":null}}},"2":{"name":"(anonymous_15)","decl":{"start":{"line":66,"column":4},"end":{"line":66,"column":10}},"loc":{"start":{"line":66,"column":42},"end":{"line":68,"column":null}}}},"branchMap":{"0":{"loc":{"start":{"line":18,"column":8},"end":{"line":30,"column":null}},"type":"if","locations":[{"start":{"line":18,"column":8},"end":{"line":30,"column":null}},{"start":{"line":18,"column":8},"end":{"line":30,"column":null}}]},"1":{"loc":{"start":{"line":18,"column":11},"end":{"line":18,"column":15}},"type":"binary-expr","locations":[{"start":{"line":18,"column":11},"end":{"line":18,"column":15}},{"start":{"line":18,"column":19},"end":{"line":18,"column":45}}]},"2":{"loc":{"start":{"line":49,"column":12},"end":{"line":58,"column":null}},"type":"if","locations":[{"start":{"line":49,"column":12},"end":{"line":58,"column":null}},{"start":{"line":49,"column":12},"end":{"line":58,"column":null}}]}},"s":{"0":1,"1":1,"2":1,"3":1,"4":1,"5":1,"6":1,"7":1,"8":0,"9":0,"10":0,"11":0,"12":0,"13":0,"14":0,"15":0,"16":0,"17":0,"18":0,"19":0,"20":0,"21":0,"22":0,"23":0,"24":0,"25":0,"26":0,"27":0,"28":0,"29":1,"30":1,"31":1,"32":1},"f":{"0":1,"1":0,"2":0},"b":{"0":[0,0],"1":[0,0],"2":[0,0]}}
,"H:\\Typescript-Node-Koa2\\src\\api\\user\\controllers\\user.ts": {"path":"H:\\Typescript-Node-Koa2\\src\\api\\user\\controllers\\user.ts","statementMap":{"0":{"start":{"line":2,"column":0},"end":{"line":2,"column":38}},"1":{"start":{"line":4,"column":0},"end":{"line":4,"column":56}},"2":{"start":{"line":5,"column":0},"end":{"line":5,"column":54}},"3":{"start":{"line":6,"column":0},"end":{"line":6,"column":49}},"4":{"start":{"line":8,"column":0},"end":{"line":8,"column":34}},"5":{"start":{"line":9,"column":0},"end":{"line":9,"column":52}},"6":{"start":{"line":19,"column":31},"end":{"line":19,"column":50}},"7":{"start":{"line":20,"column":19},"end":{"line":20,"column":33}},"8":{"start":{"line":22,"column":8},"end":{"line":25,"column":null}},"9":{"start":{"line":23,"column":12},"end":{"line":23,"column":66}},"10":{"start":{"line":24,"column":12},"end":{"line":24,"column":19}},"11":{"start":{"line":27,"column":8},"end":{"line":43,"column":null}},"12":{"start":{"line":28,"column":25},"end":{"line":28,"column":108}},"13":{"start":{"line":29,"column":58},"end":{"line":29,"column":62}},"14":{"start":{"line":29,"column":45},"end":{"line":29,"column":58}},"15":{"start":{"line":30,"column":22},"end":{"line":33,"column":null}},"16":{"start":{"line":36,"column":12},"end":{"line":39,"column":14}},"17":{"start":{"line":41,"column":12},"end":{"line":41,"column":29}},"18":{"start":{"line":42,"column":12},"end":{"line":42,"column":65}},"19":{"start":{"line":49,"column":31},"end":{"line":49,"column":50}},"20":{"start":{"line":50,"column":21},"end":{"line":50,"column":35}},"21":{"start":{"line":51,"column":19},"end":{"line":51,"column":33}},"22":{"start":{"line":53,"column":8},"end":{"line":85,"column":null}},"23":{"start":{"line":54,"column":25},"end":{"line":54,"column":96}},"24":{"start":{"line":55,"column":27},"end":{"line":55,"column":61}},"25":{"start":{"line":57,"column":12},"end":{"line":59,"column":null}},"26":{"start":{"line":58,"column":16},"end":{"line":58,"column":78}},"27":{"start":{"line":61,"column":28},"end":{"line":63,"column":14}},"28":{"start":{"line":62,"column":16},"end":{"line":62,"column":35}},"29":{"start":{"line":65,"column":12},"end":{"line":69,"column":null}},"30":{"start":{"line":66,"column":16},"end":{"line":68,"column":18}},"31":{"start":{"line":71,"column":29},"end":{"line":73,"column":null}},"32":{"start":{"line":76,"column":12},"end":{"line":76,"column":null}},"33":{"start":{"line":78,"column":12},"end":{"line":80,"column":null}},"34":{"start":{"line":83,"column":12},"end":{"line":83,"column":29}},"35":{"start":{"line":84,"column":12},"end":{"line":84,"column":61}},"36":{"start":{"line":91,"column":31},"end":{"line":91,"column":50}},"37":{"start":{"line":92,"column":22},"end":{"line":92,"column":36}},"38":{"start":{"line":94,"column":8},"end":{"line":104,"column":null}},"39":{"start":{"line":95,"column":25},"end":{"line":95,"column":87}},"40":{"start":{"line":96,"column":25},"end":{"line":96,"column":37}},"41":{"start":{"line":98,"column":12},"end":{"line":100,"column":null}},"42":{"start":{"line":102,"column":12},"end":{"line":102,"column":null}},"43":{"start":{"line":103,"column":12},"end":{"line":103,"column":61}},"44":{"start":{"line":110,"column":30},"end":{"line":110,"column":56}},"45":{"start":{"line":111,"column":22},"end":{"line":111,"column":36}},"46":{"start":{"line":112,"column":36},"end":{"line":112,"column":53}},"47":{"start":{"line":114,"column":8},"end":{"line":114,"column":35}},"48":{"start":{"line":115,"column":8},"end":{"line":115,"column":34}},"49":{"start":{"line":117,"column":22},"end":{"line":117,"column":48}},"50":{"start":{"line":118,"column":22},"end":{"line":118,"column":42}},"51":{"start":{"line":120,"column":8},"end":{"line":135,"column":null}},"52":{"start":{"line":121,"column":25},"end":{"line":126,"column":14}},"53":{"start":{"line":128,"column":12},"end":{"line":131,"column":14}},"54":{"start":{"line":133,"column":12},"end":{"line":133,"column":null}},"55":{"start":{"line":134,"column":12},"end":{"line":134,"column":61}},"56":{"start":{"line":141,"column":31},"end":{"line":141,"column":50}},"57":{"start":{"line":142,"column":22},"end":{"line":142,"column":36}},"58":{"start":{"line":144,"column":8},"end":{"line":155,"column":null}},"59":{"start":{"line":145,"column":25},"end":{"line":145,"column":91}},"60":{"start":{"line":146,"column":32},"end":{"line":146,"column":36}},"61":{"start":{"line":148,"column":12},"end":{"line":151,"column":14}},"62":{"start":{"line":153,"column":12},"end":{"line":153,"column":29}},"63":{"start":{"line":154,"column":12},"end":{"line":154,"column":65}},"64":{"start":{"line":161,"column":31},"end":{"line":161,"column":50}},"65":{"start":{"line":162,"column":19},"end":{"line":162,"column":33}},"66":{"start":{"line":164,"column":8},"end":{"line":167,"column":null}},"67":{"start":{"line":165,"column":12},"end":{"line":165,"column":66}},"68":{"start":{"line":166,"column":12},"end":{"line":166,"column":19}},"69":{"start":{"line":169,"column":8},"end":{"line":185,"column":null}},"70":{"start":{"line":170,"column":36},"end":{"line":170,"column":52}},"71":{"start":{"line":171,"column":31},"end":{"line":171,"column":67}},"72":{"start":{"line":172,"column":30},"end":{"line":174,"column":null}},"73":{"start":{"line":177,"column":18},"end":{"line":177,"column":20}},"74":{"start":{"line":177,"column":28},"end":{"line":177,"column":31}},"75":{"start":{"line":177,"column":31},"end":{"line":177,"column":74}},"76":{"start":{"line":179,"column":12},"end":{"line":182,"column":14}},"77":{"start":{"line":184,"column":12},"end":{"line":184,"column":70}},"78":{"start":{"line":18,"column":4},"end":{"line":44,"column":null}},"79":{"start":{"line":48,"column":4},"end":{"line":86,"column":null}},"80":{"start":{"line":90,"column":4},"end":{"line":105,"column":null}},"81":{"start":{"line":109,"column":4},"end":{"line":136,"column":null}},"82":{"start":{"line":140,"column":4},"end":{"line":156,"column":null}},"83":{"start":{"line":160,"column":4},"end":{"line":186,"column":null}},"84":{"start":{"line":11,"column":0},"end":{"line":11,"column":21}}},"fnMap":{"0":{"name":"(anonymous_11)","decl":{"start":{"line":18,"column":4},"end":{"line":18,"column":10}},"loc":{"start":{"line":18,"column":42},"end":{"line":44,"column":null}}},"1":{"name":"(anonymous_13)","decl":{"start":{"line":48,"column":4},"end":{"line":48,"column":10}},"loc":{"start":{"line":48,"column":45},"end":{"line":86,"column":null}}},"2":{"name":"(anonymous_15)","decl":{"start":{"line":61,"column":46},"end":{"line":61,"column":47}},"loc":{"start":{"line":61,"column":50},"end":{"line":63,"column":13}}},"3":{"name":"(anonymous_16)","decl":{"start":{"line":90,"column":4},"end":{"line":90,"column":10}},"loc":{"start":{"line":90,"column":49},"end":{"line":105,"column":null}}},"4":{"name":"(anonymous_18)","decl":{"start":{"line":109,"column":4},"end":{"line":109,"column":10}},"loc":{"start":{"line":109,"column":50},"end":{"line":136,"column":null}}},"5":{"name":"(anonymous_20)","decl":{"start":{"line":140,"column":4},"end":{"line":140,"column":10}},"loc":{"start":{"line":140,"column":47},"end":{"line":156,"column":null}}},"6":{"name":"(anonymous_22)","decl":{"start":{"line":160,"column":4},"end":{"line":160,"column":10}},"loc":{"start":{"line":160,"column":57},"end":{"line":186,"column":null}}}},"branchMap":{"0":{"loc":{"start":{"line":22,"column":8},"end":{"line":25,"column":null}},"type":"if","locations":[{"start":{"line":22,"column":8},"end":{"line":25,"column":null}},{"start":{"line":22,"column":8},"end":{"line":25,"column":null}}]},"1":{"loc":{"start":{"line":57,"column":12},"end":{"line":59,"column":null}},"type":"if","locations":[{"start":{"line":57,"column":12},"end":{"line":59,"column":null}},{"start":{"line":57,"column":12},"end":{"line":59,"column":null}}]},"2":{"loc":{"start":{"line":65,"column":12},"end":{"line":69,"column":null}},"type":"if","locations":[{"start":{"line":65,"column":12},"end":{"line":69,"column":null}},{"start":{"line":65,"column":12},"end":{"line":69,"column":null}}]},"3":{"loc":{"start":{"line":114,"column":20},"end":{"line":114,"column":29}},"type":"binary-expr","locations":[{"start":{"line":114,"column":20},"end":{"line":114,"column":29}},{"start":{"line":114,"column":33},"end":{"line":114,"column":34}}]},"4":{"loc":{"start":{"line":115,"column":19},"end":{"line":115,"column":27}},"type":"binary-expr","locations":[{"start":{"line":115,"column":19},"end":{"line":115,"column":27}},{"start":{"line":115,"column":31},"end":{"line":115,"column":33}}]},"5":{"loc":{"start":{"line":164,"column":8},"end":{"line":167,"column":null}},"type":"if","locations":[{"start":{"line":164,"column":8},"end":{"line":167,"column":null}},{"start":{"line":164,"column":8},"end":{"line":167,"column":null}}]}},"s":{"0":1,"1":1,"2":1,"3":1,"4":1,"5":1,"6":0,"7":0,"8":0,"9":0,"10":0,"11":0,"12":0,"13":0,"14":0,"15":0,"16":0,"17":0,"18":0,"19":0,"20":0,"21":0,"22":0,"23":0,"24":0,"25":0,"26":0,"27":0,"28":0,"29":0,"30":0,"31":0,"32":0,"33":0,"34":0,"35":0,"36":0,"37":0,"38":0,"39":0,"40":0,"41":0,"42":0,"43":0,"44":0,"45":0,"46":0,"47":0,"48":0,"49":0,"50":0,"51":0,"52":0,"53":0,"54":0,"55":0,"56":0,"57":0,"58":0,"59":0,"60":0,"61":0,"62":0,"63":0,"64":0,"65":0,"66":0,"67":0,"68":0,"69":0,"70":0,"71":0,"72":0,"73":0,"74":0,"75":0,"76":0,"77":0,"78":1,"79":1,"80":1,"81":1,"82":1,"83":1,"84":1},"f":{"0":0,"1":0,"2":0,"3":0,"4":0,"5":0,"6":0},"b":{"0":[0,0],"1":[0,0],"2":[0,0],"3":[0,0],"4":[0,0],"5":[0,0]}}
,"H:\\Typescript-Node-Koa2\\src\\api\\user\\entity\\user.ts": {"path":"H:\\Typescript-Node-Koa2\\src\\api\\user\\entity\\user.ts","statementMap":{"0":{"start":{"line":1,"column":0},"end":{"line":1,"column":97}},"1":{"start":{"line":2,"column":0},"end":{"line":2,"column":52}},"2":{"start":{"line":3,"column":0},"end":{"line":3,"column":42}},"3":{"start":{"line":6,"column":25},"end":{"line":39,"column":null}},"4":{"start":{"line":9,"column":4},"end":{"line":9,"column":null}},"5":{"start":{"line":12,"column":4},"end":{"line":12,"column":null}},"6":{"start":{"line":15,"column":4},"end":{"line":15,"column":null}},"7":{"start":{"line":18,"column":4},"end":{"line":18,"column":null}},"8":{"start":{"line":21,"column":4},"end":{"line":21,"column":null}},"9":{"start":{"line":25,"column":4},"end":{"line":25,"column":null}},"10":{"start":{"line":23,"column":24},"end":{"line":23,"column":28}},"11":{"start":{"line":28,"column":4},"end":{"line":28,"column":null}},"12":{"start":{"line":27,"column":23},"end":{"line":27,"column":34}},"13":{"start":{"line":27,"column":47},"end":{"line":27,"column":59}},"14":{"start":{"line":31,"column":4},"end":{"line":31,"column":null}},"15":{"start":{"line":30,"column":23},"end":{"line":30,"column":27}},"16":{"start":{"line":30,"column":37},"end":{"line":30,"column":46}},"17":{"start":{"line":34,"column":4},"end":{"line":34,"column":null}},"18":{"start":{"line":33,"column":23},"end":{"line":33,"column":27}},"19":{"start":{"line":33,"column":37},"end":{"line":33,"column":52}},"20":{"start":{"line":38,"column":4},"end":{"line":38,"column":null}},"21":{"start":{"line":36,"column":24},"end":{"line":36,"column":28}},"22":{"start":{"line":6,"column":21},"end":{"line":39,"column":null}},"23":{"start":{"line":6,"column":21},"end":{"line":6,"column":null}}},"fnMap":{"0":{"name":"(anonymous_3)","decl":{"start":{"line":23,"column":16},"end":{"line":23,"column":20}},"loc":{"start":{"line":23,"column":24},"end":{"line":23,"column":28}}},"1":{"name":"(anonymous_4)","decl":{"start":{"line":27,"column":15},"end":{"line":27,"column":19}},"loc":{"start":{"line":27,"column":23},"end":{"line":27,"column":34}}},"2":{"name":"(anonymous_5)","decl":{"start":{"line":27,"column":36},"end":{"line":27,"column":43}},"loc":{"start":{"line":27,"column":47},"end":{"line":27,"column":59}}},"3":{"name":"(anonymous_6)","decl":{"start":{"line":30,"column":15},"end":{"line":30,"column":19}},"loc":{"start":{"line":30,"column":23},"end":{"line":30,"column":27}}},"4":{"name":"(anonymous_7)","decl":{"start":{"line":30,"column":29},"end":{"line":30,"column":33}},"loc":{"start":{"line":30,"column":37},"end":{"line":30,"column":46}}},"5":{"name":"(anonymous_8)","decl":{"start":{"line":33,"column":15},"end":{"line":33,"column":19}},"loc":{"start":{"line":33,"column":23},"end":{"line":33,"column":27}}},"6":{"name":"(anonymous_9)","decl":{"start":{"line":33,"column":29},"end":{"line":33,"column":33}},"loc":{"start":{"line":33,"column":37},"end":{"line":33,"column":52}}},"7":{"name":"(anonymous_10)","decl":{"start":{"line":36,"column":16},"end":{"line":36,"column":20}},"loc":{"start":{"line":36,"column":24},"end":{"line":36,"column":28}}}},"branchMap":{},"s":{"0":1,"1":1,"2":1,"3":1,"4":1,"5":1,"6":1,"7":1,"8":1,"9":1,"10":0,"11":1,"12":0,"13":0,"14":1,"15":0,"16":0,"17":1,"18":0,"19":0,"20":1,"21":0,"22":1,"23":1},"f":{"0":0,"1":0,"2":0,"3":0,"4":0,"5":0,"6":0,"7":0},"b":{}}
,"H:\\Typescript-Node-Koa2\\src\\config\\constant.ts": {"path":"H:\\Typescript-Node-Koa2\\src\\config\\constant.ts","statementMap":{"0":{"start":{"line":1,"column":0},"end":{"line":1,"column":24}},"1":{"start":{"line":3,"column":13},"end":{"line":3,"column":39}},"2":{"start":{"line":5,"column":13},"end":{"line":5,"column":25}},"3":{"start":{"line":7,"column":13},"end":{"line":7,"column":37}},"4":{"start":{"line":9,"column":13},"end":{"line":9,"column":null}}},"fnMap":{},"branchMap":{},"s":{"0":1,"1":1,"2":1,"3":1,"4":1},"f":{},"b":{}}
,"H:\\Typescript-Node-Koa2\\src\\config\\database\\connection.ts": {"path":"H:\\Typescript-Node-Koa2\\src\\config\\database\\connection.ts","statementMap":{"0":{"start":{"line":1,"column":0},"end":{"line":1,"column":26}},"1":{"start":{"line":2,"column":0},"end":{"line":2,"column":41}},"2":{"start":{"line":3,"column":0},"end":{"line":3,"column":46}},"3":{"start":{"line":4,"column":0},"end":{"line":4,"column":56}},"4":{"start":{"line":5,"column":0},"end":{"line":5,"column":46}},"5":{"start":{"line":6,"column":0},"end":{"line":6,"column":52}},"6":{"start":{"line":7,"column":0},"end":{"line":7,"column":58}},"7":{"start":{"line":10,"column":23},"end":{"line":23,"column":6}},"8":{"start":{"line":25,"column":4},"end":{"line":25,"column":37}},"9":{"start":{"line":27,"column":4},"end":{"line":27,"column":22}},"10":{"start":{"line":9,"column":0},"end":{"line":9,"column":30}}},"fnMap":{"0":{"name":"connectionDatabse","decl":{"start":{"line":9,"column":30},"end":{"line":9,"column":47}},"loc":{"start":{"line":9,"column":47},"end":{"line":28,"column":null}}}},"branchMap":{},"s":{"0":1,"1":1,"2":1,"3":1,"4":1,"5":1,"6":1,"7":1,"8":0,"9":0,"10":1},"f":{"0":1},"b":{}}
,"H:\\Typescript-Node-Koa2\\src\\middleware\\authorize.ts": {"path":"H:\\Typescript-Node-Koa2\\src\\middleware\\authorize.ts","statementMap":{"0":{"start":{"line":2,"column":0},"end":{"line":2,"column":38}},"1":{"start":{"line":3,"column":0},"end":{"line":3,"column":43}},"2":{"start":{"line":4,"column":0},"end":{"line":4,"column":50}},"3":{"start":{"line":6,"column":18},"end":{"line":29,"column":1}},"4":{"start":{"line":7,"column":4},"end":{"line":28,"column":null}},"5":{"start":{"line":9,"column":8},"end":{"line":27,"column":null}},"6":{"start":{"line":10,"column":26},"end":{"line":10,"column":62}},"7":{"start":{"line":11,"column":12},"end":{"line":16,"column":null}},"8":{"start":{"line":12,"column":16},"end":{"line":14,"column":null}},"9":{"start":{"line":13,"column":20},"end":{"line":13,"column":88}},"10":{"start":{"line":15,"column":16},"end":{"line":15,"column":30}},"11":{"start":{"line":19,"column":12},"end":{"line":24,"column":null}},"12":{"start":{"line":20,"column":16},"end":{"line":23,"column":null}},"13":{"start":{"line":21,"column":20},"end":{"line":21,"column":88}},"14":{"start":{"line":22,"column":20},"end":{"line":22,"column":34}},"15":{"start":{"line":26,"column":12},"end":{"line":26,"column":72}},"16":{"start":{"line":31,"column":0},"end":{"line":31,"column":25}}},"fnMap":{"0":{"name":"(anonymous_1)","decl":{"start":{"line":6,"column":18},"end":{"line":6,"column":19}},"loc":{"start":{"line":6,"column":45},"end":{"line":29,"column":1}}},"1":{"name":"(anonymous_2)","decl":{"start":{"line":7,"column":11},"end":{"line":7,"column":12}},"loc":{"start":{"line":7,"column":68},"end":{"line":28,"column":5}}},"2":{"name":"(anonymous_3)","decl":{"start":{"line":9,"column":33},"end":{"line":9,"column":34}},"loc":{"start":{"line":9,"column":65},"end":{"line":27,"column":9}}}},"branchMap":{"0":{"loc":{"start":{"line":6,"column":37},"end":{"line":6,"column":41}},"type":"default-arg","locations":[{"start":{"line":6,"column":37},"end":{"line":6,"column":41}}]},"1":{"loc":{"start":{"line":11,"column":12},"end":{"line":16,"column":null}},"type":"if","locations":[{"start":{"line":11,"column":12},"end":{"line":16,"column":null}},{"start":{"line":11,"column":12},"end":{"line":16,"column":null}}]},"2":{"loc":{"start":{"line":12,"column":16},"end":{"line":14,"column":null}},"type":"if","locations":[{"start":{"line":12,"column":16},"end":{"line":14,"column":null}},{"start":{"line":12,"column":16},"end":{"line":14,"column":null}}]},"3":{"loc":{"start":{"line":19,"column":12},"end":{"line":24,"column":null}},"type":"if","locations":[{"start":{"line":19,"column":12},"end":{"line":24,"column":null}},{"start":{"line":19,"column":12},"end":{"line":24,"column":null}}]},"4":{"loc":{"start":{"line":20,"column":16},"end":{"line":23,"column":null}},"type":"if","locations":[{"start":{"line":20,"column":16},"end":{"line":23,"column":null}},{"start":{"line":20,"column":16},"end":{"line":23,"column":null}}]}},"s":{"0":1,"1":1,"2":1,"3":1,"4":17,"5":17,"6":0,"7":0,"8":0,"9":0,"10":0,"11":0,"12":0,"13":0,"14":0,"15":0,"16":1},"f":{"0":17,"1":17,"2":0},"b":{"0":[14],"1":[0,0],"2":[0,0],"3":[0,0],"4":[0,0]}}
,"H:\\Typescript-Node-Koa2\\src\\middleware\\request.ts": {"path":"H:\\Typescript-Node-Koa2\\src\\middleware\\request.ts","statementMap":{"0":{"start":{"line":1,"column":0},"end":{"line":1,"column":32}},"1":{"start":{"line":4,"column":13},"end":{"line":4,"column":35}},"2":{"start":{"line":6,"column":23},"end":{"line":17,"column":1}},"3":{"start":{"line":7,"column":4},"end":{"line":16,"column":6}},"4":{"start":{"line":8,"column":26},"end":{"line":8,"column":46}},"5":{"start":{"line":11,"column":8},"end":{"line":13,"column":null}},"6":{"start":{"line":12,"column":12},"end":{"line":12,"column":null}},"7":{"start":{"line":15,"column":8},"end":{"line":15,"column":22}},"8":{"start":{"line":19,"column":13},"end":{"line":28,"column":null}},"9":{"start":{"line":20,"column":4},"end":{"line":27,"column":null}},"10":{"start":{"line":25,"column":28},"end":{"line":25,"column":40}},"11":{"start":{"line":26,"column":8},"end":{"line":26,"column":65}},"12":{"start":{"line":30,"column":13},"end":{"line":39,"column":null}},"13":{"start":{"line":31,"column":4},"end":{"line":38,"column":null}},"14":{"start":{"line":36,"column":28},"end":{"line":36,"column":40}},"15":{"start":{"line":37,"column":8},"end":{"line":37,"column":66}}},"fnMap":{"0":{"name":"(anonymous_1)","decl":{"start":{"line":6,"column":23},"end":{"line":6,"column":24}},"loc":{"start":{"line":6,"column":43},"end":{"line":17,"column":1}}},"1":{"name":"(anonymous_2)","decl":{"start":{"line":7,"column":11},"end":{"line":7,"column":12}},"loc":{"start":{"line":7,"column":43},"end":{"line":16,"column":5}}},"2":{"name":"(anonymous_3)","decl":{"start":{"line":19,"column":19},"end":{"line":19,"column":20}},"loc":{"start":{"line":19,"column":36},"end":{"line":28,"column":1}}},"3":{"name":"(anonymous_4)","decl":{"start":{"line":20,"column":11},"end":{"line":20,"column":null}},"loc":{"start":{"line":24,"column":8},"end":{"line":27,"column":5}}},"4":{"name":"(anonymous_5)","decl":{"start":{"line":30,"column":20},"end":{"line":30,"column":21}},"loc":{"start":{"line":30,"column":37},"end":{"line":39,"column":1}}},"5":{"name":"(anonymous_6)","decl":{"start":{"line":31,"column":11},"end":{"line":31,"column":null}},"loc":{"start":{"line":35,"column":8},"end":{"line":38,"column":5}}}},"branchMap":{"0":{"loc":{"start":{"line":11,"column":8},"end":{"line":13,"column":null}},"type":"if","locations":[{"start":{"line":11,"column":8},"end":{"line":13,"column":null}},{"start":{"line":11,"column":8},"end":{"line":13,"column":null}}]},"1":{"loc":{"start":{"line":11,"column":11},"end":{"line":11,"column":20}},"type":"binary-expr","locations":[{"start":{"line":11,"column":11},"end":{"line":11,"column":20}},{"start":{"line":11,"column":24},"end":{"line":11,"column":55}}]}},"s":{"0":1,"1":1,"2":1,"3":21,"4":1,"5":1,"6":0,"7":1,"8":1,"9":13,"10":13,"11":13,"12":1,"13":8,"14":8,"15":8},"f":{"0":21,"1":1,"2":13,"3":13,"4":8,"5":8},"b":{"0":[0,1],"1":[1,0]}}
,"H:\\Typescript-Node-Koa2\\src\\utils\\exception.ts": {"path":"H:\\Typescript-Node-Koa2\\src\\utils\\exception.ts","statementMap":{"0":{"start":{"line":5,"column":8},"end":{"line":5,"column":23}},"1":{"start":{"line":6,"column":8},"end":{"line":6,"column":38}},"2":{"start":{"line":10,"column":8},"end":{"line":10,"column":32}},"3":{"start":{"line":14,"column":8},"end":{"line":17,"column":null}},"4":{"start":{"line":1,"column":0},"end":{"line":1,"column":21}}},"fnMap":{"0":{"name":"(anonymous_0)","decl":{"start":{"line":4,"column":4},"end":{"line":4,"column":16}},"loc":{"start":{"line":4,"column":51},"end":{"line":7,"column":5}}},"1":{"name":"(anonymous_1)","decl":{"start":{"line":9,"column":4},"end":{"line":9,"column":8}},"loc":{"start":{"line":9,"column":18},"end":{"line":11,"column":5}}},"2":{"name":"(anonymous_2)","decl":{"start":{"line":13,"column":11},"end":{"line":13,"column":19}},"loc":{"start":{"line":13,"column":19},"end":{"line":18,"column":5}}}},"branchMap":{},"s":{"0":0,"1":0,"2":0,"3":0,"4":1},"f":{"0":0,"1":0,"2":0},"b":{}}
}
